<?xml version="1.0" encoding="UTF-8"?>
<!-- Generated by org.testng.reporters.JUnitReportReporter -->
<testsuite hostname="Avinash-Kumar" failures="0" tests="6" name="module7.Assignment1" time="60.851" errors="0" timestamp="2022-07-10T04:43:22 IST" skipped="0">
  <testcase classname="module7.Assignment1" name="launchBrowser" time="20.250"/>
  <system-out/>
  <testcase classname="module7.Assignment1" name="openURL" time="7.537"/>
  <system-out/>
  <testcase classname="module7.Assignment1" name="chooseFile" time="3.100"/>
  <system-out/>
  <testcase classname="module7.Assignment1" name="uploadFile" time="15.187"/>
  <system-out/>
  <testcase classname="module7.Assignment1" name="downloadFile" time="9.964"/>
  <system-out/>
  <testcase classname="module7.Assignment1" name="closeBrowser" time="4.813"/>
  <system-out/>
</testsuite> <!-- module7.Assignment1 -->
