<?xml version="1.0" encoding="UTF-8"?>
<!-- Generated by org.testng.reporters.JUnitReportReporter -->
<testsuite hostname="Avinash-Kumar" failures="0" tests="6" name="module7.Assignment3" time="61.460" errors="0" timestamp="2022-07-11T03:47:19 IST" skipped="0">
  <testcase classname="module7.Assignment3" name="launchBrowser" time="21.206"/>
  <system-out/>
  <testcase classname="module7.Assignment3" name="goToURL" time="10.506"/>
  <system-out/>
  <testcase classname="module7.Assignment3" name="clickAllDownloads" time="5.241"/>
  <system-out/>
  <testcase classname="module7.Assignment3" name="scrollDown" time="3.032"/>
  <system-out/>
  <testcase classname="module7.Assignment3" name="downloadSikuliXapi" time="11.551"/>
  <system-out/>
  <testcase classname="module7.Assignment3" name="save" time="9.924"/>
  <system-out/>
</testsuite> <!-- module7.Assignment3 -->
