<?xml version="1.0" encoding="UTF-8"?>
<!-- Generated by org.testng.reporters.JUnitReportReporter -->
<testsuite hostname="Avinash-Kumar" failures="0" tests="1" name="module9.Assignment4" time="27.476" errors="0" timestamp="2022-07-16T06:39:57 IST" skipped="0">
  <testcase classname="module9.Assignment4" name="sd_LoginPage" time="27.476"/>
  <system-out/>
</testsuite> <!-- module9.Assignment4 -->
