<?xml version="1.0" encoding="UTF-8"?>
<!-- Generated by org.testng.reporters.JUnitReportReporter -->
<testsuite hostname="Avinash-Kumar" failures="0" tests="8" name="topic_Before_AfterGroups.BeforeAfterGroups" time="0.054" errors="0" timestamp="2022-07-14T01:53:58 IST" skipped="0">
  <testcase classname="topic_Before_AfterGroups.BeforeAfterGroups" name="test_AccesCampaignsPage" time="0.002"/>
  <system-out/>
  <testcase classname="topic_Before_AfterGroups.BeforeAfterGroups" name="testInsert" time="0.007"/>
  <system-out/>
  <testcase classname="topic_Before_AfterGroups.BeforeAfterGroups" name="test_AccessHomePage" time="0.002"/>
  <system-out/>
  <testcase classname="topic_Before_AfterGroups.BeforeAfterGroups" name="testDelete" time="0.013"/>
  <system-out/>
  <testcase classname="topic_Before_AfterGroups.BeforeAfterGroups" name="test_AccessAdminPage" time="0.004"/>
  <system-out/>
  <testcase classname="topic_Before_AfterGroups.BeforeAfterGroups" name="test_CotatcUs" time="0.007"/>
  <system-out/>
  <testcase classname="topic_Before_AfterGroups.BeforeAfterGroups" name="testUpdate" time="0.009"/>
  <system-out/>
  <testcase classname="topic_Before_AfterGroups.BeforeAfterGroups" name="test_Admin" time="0.010"/>
  <system-out/>
</testsuite> <!-- topic_Before_AfterGroups.BeforeAfterGroups -->
