<?xml version="1.0" encoding="UTF-8"?>
<!-- Generated by org.testng.reporters.JUnitReportReporter -->
<testsuite hostname="Avinash-Kumar" failures="0" tests="3" name="topic_AdvAnnotations.TestUI2" time="0.063" errors="0" timestamp="2022-07-14T01:15:04 IST" skipped="0">
  <testcase classname="topic_AdvAnnotations.TestUI2" name="test_ContactUs1" time="0.046"/>
  <system-out/>
  <testcase classname="topic_AdvAnnotations.TestUI2" name="test_Dashboard1" time="0.012"/>
  <system-out/>
  <testcase classname="topic_AdvAnnotations.TestUI2" name="test_Admin1" time="0.005"/>
  <system-out/>
</testsuite> <!-- topic_AdvAnnotations.TestUI2 -->
