<?xml version="1.0" encoding="UTF-8"?>
<!-- Generated by org.testng.reporters.JUnitReportReporter -->
<testsuite hostname="Avinash-Kumar" failures="0" tests="6" name="module8.Assignment3" time="36.771" errors="0" timestamp="2022-07-15T01:31:08 IST" skipped="0">
  <testcase classname="module8.Assignment3" name="launchBrowser" time="7.322"/>
  <system-out/>
  <testcase classname="module8.Assignment3" name="openURL" time="7.454"/>
  <system-out/>
  <testcase classname="module8.Assignment3" name="chooseFiles" time="3.108"/>
  <system-out/>
  <testcase classname="module8.Assignment3" name="uploadFiles" time="11.712"/>
  <system-out/>
  <testcase classname="module8.Assignment3" name="saveFile" time="6.610"/>
  <system-out/>
  <testcase classname="module8.Assignment3" name="closeBrowser" time="0.565"/>
  <system-out/>
</testsuite> <!-- module8.Assignment3 -->
