<?xml version="1.0" encoding="UTF-8"?>
<!-- Generated by org.testng.reporters.JUnitReportReporter -->
<testsuite hostname="Avinash-Kumar" failures="0" tests="1" name="topic_TestNG_examples.Test4_VP4" time="40.217" errors="0" timestamp="2022-07-04T22:30:38 IST" skipped="0">
  <testcase classname="topic_TestNG_examples.Test4_VP4" name="verifySeleniumPage" time="40.217"/>
  <system-out/>
</testsuite> <!-- topic_TestNG_examples.Test4_VP4 -->
