<?xml version="1.0" encoding="UTF-8"?>
<!-- Generated by org.testng.reporters.JUnitReportReporter -->
<testsuite hostname="Avinash-Kumar" failures="0" tests="1" name="module11.Assignment2_Test" time="50.624" errors="0" timestamp="2022-07-16T05:18:50 IST" skipped="0">
  <testcase classname="module11.Assignment2_Test" name="sauceDemoLogin" time="50.624"/>
  <system-out/>
</testsuite> <!-- module11.Assignment2_Test -->
