<?xml version="1.0" encoding="UTF-8"?>
<!-- Generated by org.testng.reporters.JUnitReportReporter -->
<testsuite hostname="Avinash-Kumar" failures="0" tests="1" name="topic_TestNG_examples.Test5_VP5" time="39.803" errors="0" timestamp="2022-07-04T23:11:25 IST" skipped="0">
  <testcase classname="topic_TestNG_examples.Test5_VP5" name="verifySeleniumPage" time="39.803"/>
  <system-out/>
</testsuite> <!-- topic_TestNG_examples.Test5_VP5 -->
