<?xml version="1.0" encoding="UTF-8"?>
<!-- Generated by org.testng.reporters.JUnitReportReporter -->
<testsuite hostname="Avinash-Kumar" failures="0" tests="6" name="module7.Assignment2" time="59.504" errors="0" timestamp="2022-07-10T18:55:16 IST" skipped="0">
  <testcase classname="module7.Assignment2" name="launchBrowser" time="20.304"/>
  <system-out/>
  <testcase classname="module7.Assignment2" name="openURL" time="9.204"/>
  <system-out/>
  <testcase classname="module7.Assignment2" name="chooseFile" time="4.281"/>
  <system-out/>
  <testcase classname="module7.Assignment2" name="uploadFile" time="15.638"/>
  <system-out/>
  <testcase classname="module7.Assignment2" name="downloadFile" time="10.073"/>
  <system-out/>
  <testcase classname="module7.Assignment2" name="closeBrowser" time="0.004"/>
  <system-out/>
</testsuite> <!-- module7.Assignment2 -->
