<?xml version="1.0" encoding="UTF-8"?>
<!-- Generated by org.testng.reporters.JUnitReportReporter -->
<testsuite hostname="Avinash-Kumar" failures="0" tests="4" name="module6.Assignment4" time="24.452" errors="0" timestamp="2022-07-10T01:14:12 IST" skipped="0">
  <testcase classname="module6.Assignment4" name="launchBrowser" time="8.194"/>
  <system-out/>
  <testcase classname="module6.Assignment4" name="openURL" time="9.332"/>
  <system-out/>
  <testcase classname="module6.Assignment4" name="dragSlider" time="6.484"/>
  <system-out/>
  <testcase classname="module6.Assignment4" name="closeBrowser" time="0.442"/>
  <system-out/>
</testsuite> <!-- module6.Assignment4 -->
