<?xml version="1.0" encoding="UTF-8"?>
<!-- Generated by org.testng.reporters.JUnitReportReporter -->
<testsuite hostname="Avinash-Kumar" failures="0" tests="1" name="topic_TestNG_examples.Test1_VerifyPage3" time="30.907" errors="0" timestamp="2022-07-04T20:28:56 IST" skipped="0">
  <testcase classname="topic_TestNG_examples.Test1_VerifyPage3" name="verifySeleniumPage" time="30.907"/>
  <system-out/>
</testsuite> <!-- topic_TestNG_examples.Test1_VerifyPage3 -->
