<?xml version="1.0" encoding="UTF-8"?>
<!-- Generated by org.testng.reporters.JUnitReportReporter -->
<testsuite hostname="Avinash-Kumar" failures="0" tests="3" name="module8.Assignment2" time="45.821" errors="0" timestamp="2022-07-12T17:58:18 IST" skipped="0">
  <testcase classname="module8.Assignment2" name="launchBrowser" time="20.951"/>
  <system-out/>
  <testcase classname="module8.Assignment2" name="openURL" time="4.972"/>
  <system-out/>
  <testcase classname="module8.Assignment2" name="downloadSeleniumJava" time="19.898"/>
  <system-out/>
</testsuite> <!-- module8.Assignment2 -->
