<?xml version="1.0" encoding="UTF-8"?>
<!-- Generated by org.testng.reporters.JUnitReportReporter -->
<testsuite hostname="Avinash-Kumar" failures="0" tests="3" name="topic_AdvAnnotations.TestDB" time="0.014" errors="0" timestamp="2022-07-14T01:15:04 IST" skipped="0">
  <testcase classname="topic_AdvAnnotations.TestDB" name="testInsert" time="0.002"/>
  <system-out/>
  <testcase classname="topic_AdvAnnotations.TestDB" name="testDelete" time="0.008"/>
  <system-out/>
  <testcase classname="topic_AdvAnnotations.TestDB" name="testUpdate" time="0.004"/>
  <system-out/>
</testsuite> <!-- topic_AdvAnnotations.TestDB -->
