<?xml version="1.0" encoding="UTF-8"?>
<!-- Generated by org.testng.reporters.JUnitReportReporter -->
<testsuite hostname="Avinash-Kumar" failures="0" tests="5" name="module6.Assignment2" time="22.849" errors="0" timestamp="2022-07-08T02:37:32 IST" skipped="0">
  <testcase classname="module6.Assignment2" name="launchBrowser" time="7.281"/>
  <system-out/>
  <testcase classname="module6.Assignment2" name="openURL" time="8.751"/>
  <system-out/>
  <testcase classname="module6.Assignment2" name="doubleClick" time="3.255"/>
  <system-out/>
  <testcase classname="module6.Assignment2" name="acceptAlert" time="3.037"/>
  <system-out/>
  <testcase classname="module6.Assignment2" name="closeBrowser" time="0.525"/>
  <system-out/>
</testsuite> <!-- module6.Assignment2 -->
