<?xml version="1.0" encoding="UTF-8"?>
<!-- Generated by org.testng.reporters.JUnitReportReporter -->
<testsuite hostname="Avinash-Kumar" failures="0" tests="1" name="browser.Scripts.Test_Edge" time="11.906" errors="0" timestamp="2022-07-16T02:23:17 IST" skipped="0">
  <testcase classname="browser.Scripts.Test_Edge" name="verifySeleniumPage" time="11.906"/>
  <system-out/>
</testsuite> <!-- browser.Scripts.Test_Edge -->
