<?xml version="1.0" encoding="UTF-8"?>
<!-- Generated by org.testng.reporters.JUnitReportReporter -->
<testsuite hostname="Avinash-Kumar" failures="0" tests="7" name="module9.Assignment1" time="21.518" errors="0" timestamp="2022-07-15T05:04:46 IST" skipped="0">
  <testcase classname="module9.Assignment1" name="launchBrowser" time="7.609"/>
  <system-out/>
  <testcase classname="module9.Assignment1" name="openURL" time="3.500"/>
  <system-out/>
  <testcase classname="module9.Assignment1" name="typeUserName" time="3.231"/>
  <system-out/>
  <testcase classname="module9.Assignment1" name="typePassword" time="3.178"/>
  <system-out/>
  <testcase classname="module9.Assignment1" name="clickLoginButton" time="3.261"/>
  <system-out/>
  <testcase classname="module9.Assignment1" name="verifyPage" time="0.045"/>
  <system-out/>
  <testcase classname="module9.Assignment1" name="tearDown" time="0.694"/>
  <system-out/>
</testsuite> <!-- module9.Assignment1 -->
