<?xml version="1.0" encoding="UTF-8"?>
<!-- Generated by org.testng.reporters.JUnitReportReporter -->
<testsuite hostname="Avinash-Kumar" failures="0" tests="5" name="topic_TestNG_examples.Test6_MultipleMethods" time="17.279" errors="0" timestamp="2022-07-04T23:56:02 IST" skipped="0">
  <testcase classname="topic_TestNG_examples.Test6_MultipleMethods" name="dverifySeleniumPage" time="3.027"/>
  <system-out/>
  <testcase classname="topic_TestNG_examples.Test6_MultipleMethods" name="eteardown" time="0.539"/>
  <system-out/>
  <testcase classname="topic_TestNG_examples.Test6_MultipleMethods" name="cmaximize" time="3.178"/>
  <system-out/>
  <testcase classname="topic_TestNG_examples.Test6_MultipleMethods" name="bgotoURL" time="4.911"/>
  <system-out/>
  <testcase classname="topic_TestNG_examples.Test6_MultipleMethods" name="asetup" time="5.624"/>
  <system-out/>
</testsuite> <!-- topic_TestNG_examples.Test6_MultipleMethods -->
