<?xml version="1.0" encoding="UTF-8"?>
<!-- Generated by org.testng.reporters.JUnitReportReporter -->
<testsuite hostname="Avinash-Kumar" failures="0" tests="3" name="topic_AdvAnnotations.TestSecurity" time="0.020" errors="0" timestamp="2022-07-14T01:15:04 IST" skipped="0">
  <testcase classname="topic_AdvAnnotations.TestSecurity" name="test_AccessHomePage" time="0.003"/>
  <system-out/>
  <testcase classname="topic_AdvAnnotations.TestSecurity" name="test_AccessCampaignsPage" time="0.014"/>
  <system-out/>
  <testcase classname="topic_AdvAnnotations.TestSecurity" name="test_AccessAdminPage" time="0.003"/>
  <system-out/>
</testsuite> <!-- topic_AdvAnnotations.TestSecurity -->
