<?xml version="1.0" encoding="UTF-8"?>
<!-- Generated by org.testng.reporters.JUnitReportReporter -->
<testsuite hostname="Avinash-Kumar" failures="0" tests="7" name="module8.Assignment1" time="57.363" errors="0" timestamp="2022-07-15T01:20:28 IST" skipped="0">
  <testcase classname="module8.Assignment1" name="launchBrowser" time="14.519"/>
  <system-out/>
  <testcase classname="module8.Assignment1" name="openURL" time="7.375"/>
  <system-out/>
  <testcase classname="module8.Assignment1" name="chooseFile" time="3.097"/>
  <system-out/>
  <testcase classname="module8.Assignment1" name="uploadDownloadFile" time="6.668"/>
  <system-out/>
  <testcase classname="module8.Assignment1" name="clickDownload" time="14.858"/>
  <system-out/>
  <testcase classname="module8.Assignment1" name="saveFile" time="6.432"/>
  <system-out/>
  <testcase classname="module8.Assignment1" name="closeBrowser" time="4.414"/>
  <system-out/>
</testsuite> <!-- module8.Assignment1 -->
