<?xml version="1.0" encoding="UTF-8"?>
<!-- Generated by org.testng.reporters.JUnitReportReporter -->
<testsuite hostname="Avinash-Kumar" failures="0" tests="3" name="topic_ITest_ContextResult.Testresultcontext" time="39.129" errors="0" timestamp="2022-07-14T03:09:53 IST" skipped="0">
  <testcase classname="topic_ITest_ContextResult.Testresultcontext" name="verifySeleniumpage" time="12.248"/>
  <system-out/>
  <testcase classname="topic_ITest_ContextResult.Testresultcontext" name="verifySeleniumpage" time="14.503"/>
  <system-out/>
  <testcase classname="topic_ITest_ContextResult.Testresultcontext" name="verifySeleniumpage" time="12.378"/>
  <system-out/>
</testsuite> <!-- topic_ITest_ContextResult.Testresultcontext -->
