<?xml version="1.0" encoding="UTF-8"?>
<!-- Generated by org.testng.reporters.JUnitReportReporter -->
<testsuite hostname="Avinash-Kumar" failures="0" tests="1" name="module11.Assignment1_Test" time="42.455" errors="0" timestamp="2022-07-16T04:48:16 IST" skipped="0">
  <testcase classname="module11.Assignment1_Test" name="sauceDemoLogin" time="42.455"/>
  <system-out/>
</testsuite> <!-- module11.Assignment1_Test -->
