<?xml version="1.0" encoding="UTF-8"?>
<!-- Generated by org.testng.reporters.JUnitReportReporter -->
<testsuite hostname="Avinash-Kumar" failures="0" tests="1" name="module1.Demo" time="24.449" errors="0" timestamp="2022-07-21T07:17:03 IST" skipped="0">
  <testcase classname="module1.Demo" name="launchBrowser" time="24.449"/>
  <system-out/>
</testsuite> <!-- module1.Demo -->
