<?xml version="1.0" encoding="UTF-8"?>
<!-- Generated by org.testng.reporters.JUnitReportReporter -->
<testsuite hostname="Avinash-Kumar" failures="0" tests="1" name="topic_TestNG_examples.Test1_VerifyPage1" time="20.324" errors="0" timestamp="2022-07-08T21:28:28 IST" skipped="0">
  <testcase classname="topic_TestNG_examples.Test1_VerifyPage1" name="verifySeleniumPage" time="20.324"/>
  <system-out/>
</testsuite> <!-- topic_TestNG_examples.Test1_VerifyPage1 -->
