<?xml version="1.0" encoding="UTF-8"?>
<!-- Generated by org.testng.reporters.JUnitReportReporter -->
<testsuite hostname="Avinash-Kumar" failures="0" tests="5" name="topic_TestNG_examples.Test7_Prioritization" time="13.821" errors="0" timestamp="2022-07-16T02:16:09 IST" skipped="0">
  <testcase classname="topic_TestNG_examples.Test7_Prioritization" name="setup" time="2.187"/>
  <system-out/>
  <testcase classname="topic_TestNG_examples.Test7_Prioritization" name="gotoURL" time="4.675"/>
  <system-out/>
  <testcase classname="topic_TestNG_examples.Test7_Prioritization" name="maximize" time="3.222"/>
  <system-out/>
  <testcase classname="topic_TestNG_examples.Test7_Prioritization" name="verifySeleniumPage" time="3.023"/>
  <system-out/>
  <testcase classname="topic_TestNG_examples.Test7_Prioritization" name="teardown" time="0.714"/>
  <system-out/>
</testsuite> <!-- topic_TestNG_examples.Test7_Prioritization -->
