<?xml version="1.0" encoding="UTF-8"?>
<!-- Generated by org.testng.reporters.JUnitReportReporter -->
<testsuite hostname="Avinash-Kumar" failures="0" tests="3" name="topic_AdvAnnotations.TestUI" time="0.037" errors="0" timestamp="2022-07-14T01:15:04 IST" skipped="0">
  <testcase classname="topic_AdvAnnotations.TestUI" name="test_ContactUs" time="0.007"/>
  <system-out/>
  <testcase classname="topic_AdvAnnotations.TestUI" name="test_Dashboard" time="0.015"/>
  <system-out/>
  <testcase classname="topic_AdvAnnotations.TestUI" name="test_Admin" time="0.015"/>
  <system-out/>
</testsuite> <!-- topic_AdvAnnotations.TestUI -->
