<?xml version="1.0" encoding="UTF-8"?>
<!-- Generated by org.testng.reporters.JUnitReportReporter -->
<testsuite hostname="Avinash-Kumar" failures="0" tests="1" name="topic_TestNG_examples.Test1" time="28.901" errors="0" timestamp="2022-07-04T15:01:40 IST" skipped="0">
  <testcase classname="topic_TestNG_examples.Test1" name="verifySeleniumPage" time="28.901"/>
  <system-out/>
</testsuite> <!-- topic_TestNG_examples.Test1 -->
