<?xml version="1.0" encoding="UTF-8"?>
<!-- Generated by org.testng.reporters.JUnitReportReporter -->
<testsuite hostname="Avinash-Kumar" failures="0" tests="3" name="module7.Assignment4" time="20.148" errors="0" timestamp="2022-07-15T00:19:19 IST" skipped="0">
  <testcase classname="module7.Assignment4" name="launchBrowser" time="10.564"/>
  <system-out/>
  <testcase classname="module7.Assignment4" name="openURL" time="4.653"/>
  <system-out/>
  <testcase classname="module7.Assignment4" name="plainText" time="4.931"/>
  <system-out/>
</testsuite> <!-- module7.Assignment4 -->
