<?xml version="1.0" encoding="UTF-8"?>
<!-- Generated by org.testng.reporters.JUnitReportReporter -->
<testsuite hostname="Avinash-Kumar" failures="0" tests="7" name="module6.Assignment1" time="29.537" errors="0" timestamp="2022-07-07T01:24:47 IST" skipped="0">
  <testcase classname="module6.Assignment1" name="setup" time="7.000"/>
  <system-out/>
  <testcase classname="module6.Assignment1" name="openURL" time="6.686"/>
  <system-out/>
  <testcase classname="module6.Assignment1" name="closeLoginPopup" time="3.251"/>
  <system-out/>
  <testcase classname="module6.Assignment1" name="moveTowardsFashion" time="3.215"/>
  <system-out/>
  <testcase classname="module6.Assignment1" name="moveTowardsWomenFootwear" time="3.184"/>
  <system-out/>
  <testcase classname="module6.Assignment1" name="clickAll" time="5.167"/>
  <system-out/>
  <testcase classname="module6.Assignment1" name="teardown" time="1.034"/>
  <system-out/>
</testsuite> <!-- module6.Assignment1 -->
