<?xml version="1.0" encoding="UTF-8"?>
<!-- Generated by org.testng.reporters.JUnitReportReporter -->
<testsuite hostname="Avinash-Kumar" failures="0" tests="1" name="module11.Assignment3_Test" time="54.331" errors="0" timestamp="2022-07-17T03:23:15 IST" skipped="0">
  <testcase classname="module11.Assignment3_Test" name="sauceDemoLogin" time="54.331"/>
  <system-out/>
</testsuite> <!-- module11.Assignment3_Test -->
