<?xml version="1.0" encoding="UTF-8"?>
<!-- Generated by org.testng.reporters.JUnitReportReporter -->
<testsuite hostname="Avinash-Kumar" failures="0" tests="5" name="topic_TestNG_examples.Test8_dependsOnMethods" time="20.396" errors="0" timestamp="2022-07-08T21:28:28 IST" skipped="0">
  <testcase classname="topic_TestNG_examples.Test8_dependsOnMethods" name="maxWindow" time="3.466"/>
  <system-out/>
  <testcase classname="topic_TestNG_examples.Test8_dependsOnMethods" name="verifySeleniumPage" time="3.034"/>
  <system-out/>
  <testcase classname="topic_TestNG_examples.Test8_dependsOnMethods" name="gotoURL" time="5.515"/>
  <system-out/>
  <testcase classname="topic_TestNG_examples.Test8_dependsOnMethods" name="teardown" time="0.638"/>
  <system-out/>
  <testcase classname="topic_TestNG_examples.Test8_dependsOnMethods" name="setup" time="7.743"/>
  <system-out/>
</testsuite> <!-- topic_TestNG_examples.Test8_dependsOnMethods -->
