<?xml version="1.0" encoding="UTF-8"?>
<!-- Generated by org.testng.reporters.JUnitReportReporter -->
<testsuite hostname="Avinash-Kumar" failures="0" tests="1" name="browser.Scripts.Test_Chrome" time="12.915" errors="0" timestamp="2022-07-16T02:23:17 IST" skipped="0">
  <testcase classname="browser.Scripts.Test_Chrome" name="verifySeleniumPage" time="12.915"/>
  <system-out/>
</testsuite> <!-- browser.Scripts.Test_Chrome -->
