<?xml version="1.0" encoding="UTF-8"?>
<!-- Generated by org.testng.reporters.JUnitReportReporter -->
<testsuite hostname="Avinash-Kumar" failures="0" tests="5" name="project1.Test1" time="49.189" errors="0" timestamp="2022-07-21T07:29:30 IST" skipped="0">
  <testcase classname="project1.Test1" name="openJqueryui" time="18.452"/>
  <system-out/>
  <testcase classname="project1.Test1" name="jqueryTabs" time="4.245"/>
  <system-out/>
  <testcase classname="project1.Test1" name="jqueryDarggable" time="12.747"/>
  <system-out/>
  <testcase classname="project1.Test1" name="jqueryResizable" time="7.611"/>
  <system-out/>
  <testcase classname="project1.Test1" name="jquerySelectable" time="6.134"/>
  <system-out/>
</testsuite> <!-- project1.Test1 -->
